This is pdfTeX, Version 3.14159265-2.6-1.40.18 (MiKTeX 2.9.6350 64-bit) (preloaded format=pdflatex 2017.12.25)  28 DEC 2017 17:56
entering extended mode
**./Portada.tex
(Portada.tex
LaTeX2e <2017-04-15>
Babel <3.10> and hyphenation patterns for 75 language(s) loaded.

! LaTeX Error: Missing \begin{document}.

See the LaTeX manual or LaTeX Companion for explanation.
Type  H <return>  for immediate help.
 ...                                              
                                                  
l.1 \begin{center}
                  
You're in trouble here.  Try typing  <return>  to proceed.
If that doesn't work, type  X <return>  to quit.


Overfull \hbox (20.0pt too wide) in paragraph at lines 1--1
[] 
 []

! Undefined control sequence.
l.3 {\bf
        \fontsize{19} {0}{\selectfont{UNIVERSIDAD TÃ‰CNICA DEL NORTE}}}//
The control sequence at the end of the top line
of your error message was never \def'ed. If you have
misspelled it (e.g., `\hobx'), type `I' and the correct
spelling (e.g., `I\hbox'). Otherwise just continue,
and I'll forget about whatever was undefined.


LaTeX Font Warning: Font shape `OT1/cmr/m/n' in size <19> not available
(Font)              size <17.28> substituted on input line 3.

Missing character: There is no Ã in font cmr17!
Missing character: There is no ‰ in font cmr17!
Missing character: There is no / in font nullfont!
Missing character: There is no / in font nullfont!
Missing character: There is no C in font nullfont!
Missing character: There is no e in font nullfont!
Missing character: There is no n in font nullfont!
Missing character: There is no t in font nullfont!
Missing character: There is no r in font nullfont!
Missing character: There is no o in font nullfont!
Missing character: There is no U in font nullfont!
Missing character: There is no n in font nullfont!
Missing character: There is no i in font nullfont!
Missing character: There is no v in font nullfont!
Missing character: There is no e in font nullfont!
Missing character: There is no r in font nullfont!
Missing character: There is no s in font nullfont!
Missing character: There is no i in font nullfont!
Missing character: There is no t in font nullfont!
Missing character: There is no a in font nullfont!
Missing character: There is no r in font nullfont!
Missing character: There is no i in font nullfont!
Missing character: There is no o in font nullfont!

Overfull \hbox (114.6532pt too wide) in paragraph at lines 3--5
 \OT1/cmr/m/n/17.28 UNIVERSIDAD 
 []


Overfull \hbox (28.2886pt too wide) in paragraph at lines 3--5
 \OT1/cmr/m/n/17.28 TC- 
 []


Overfull \hbox (41.15799pt too wide) in paragraph at lines 3--5
 \OT1/cmr/m/n/17.28 NICA 
 []


Overfull \hbox (33.01776pt too wide) in paragraph at lines 3--5
 \OT1/cmr/m/n/17.28 DEL 
 []


Overfull \hbox (57.21478pt too wide) in paragraph at lines 3--5
 \OT1/cmr/m/n/17.28 NORTE 
 []

! Undefined control sequence.
l.9 \bf
       \fontsize{14}{0} {\selectfont{Nombre de la divicion}}
The control sequence at the end of the top line
of your error message was never \def'ed. If you have
misspelled it (e.g., `\hobx'), type `I' and the correct
spelling (e.g., `I\hbox'). Otherwise just continue,
and I'll forget about whatever was undefined.


Overfull \hbox (48.5611pt too wide) in paragraph at lines 9--11
 []\OT1/cmr/m/n/14.4 Nombre 
 []


Overfull \hbox (14.09982pt too wide) in paragraph at lines 9--11
 \OT1/cmr/m/n/14.4 de 
 []


Overfull \hbox (10.96652pt too wide) in paragraph at lines 9--11
 \OT1/cmr/m/n/14.4 la 
 []


Overfull \hbox (16.44978pt too wide) in paragraph at lines 9--11
 \OT1/cmr/m/n/14.4 di- 
 []


Overfull \hbox (16.05812pt too wide) in paragraph at lines 9--11
 \OT1/cmr/m/n/14.4 vi- 
 []


Overfull \hbox (25.06635pt too wide) in paragraph at lines 9--11
 \OT1/cmr/m/n/14.4 cion 
 []

! Undefined control sequence.
l.15 \bf
        \fontsize{11}{0} {\selectfont{Nombre del auitor}}
The control sequence at the end of the top line
of your error message was never \def'ed. If you have
misspelled it (e.g., `\hobx'), type `I' and the correct
spelling (e.g., `I\hbox'). Otherwise just continue,
and I'll forget about whatever was undefined.


Overfull \hbox (37.74712pt too wide) in paragraph at lines 15--17
 []\OT1/cmr/m/n/10.95 Nombre 
 []


Overfull \hbox (13.99168pt too wide) in paragraph at lines 15--17
 \OT1/cmr/m/n/10.95 del 
 []


Overfull \hbox (28.62213pt too wide) in paragraph at lines 15--17
 \OT1/cmr/m/n/10.95 auitor 
 []

! Undefined control sequence.
l.20 \includegraphics
                     {Codigos/Portada/sello-max-utn}
The control sequence at the end of the top line
of your error message was never \def'ed. If you have
misspelled it (e.g., `\hobx'), type `I' and the correct
spelling (e.g., `I\hbox'). Otherwise just continue,
and I'll forget about whatever was undefined.

Missing character: There is no C in font nullfont!
Missing character: There is no o in font nullfont!
Missing character: There is no d in font nullfont!
Missing character: There is no i in font nullfont!
Missing character: There is no g in font nullfont!
Missing character: There is no o in font nullfont!
Missing character: There is no s in font nullfont!
Missing character: There is no / in font nullfont!
Missing character: There is no P in font nullfont!
Missing character: There is no o in font nullfont!
Missing character: There is no r in font nullfont!
Missing character: There is no t in font nullfont!
Missing character: There is no a in font nullfont!
Missing character: There is no d in font nullfont!
Missing character: There is no a in font nullfont!
Missing character: There is no / in font nullfont!
Missing character: There is no s in font nullfont!
Missing character: There is no e in font nullfont!
Missing character: There is no l in font nullfont!
Missing character: There is no l in font nullfont!
Missing character: There is no o in font nullfont!
Missing character: There is no - in font nullfont!
Missing character: There is no m in font nullfont!
Missing character: There is no a in font nullfont!
Missing character: There is no x in font nullfont!
Missing character: There is no - in font nullfont!
Missing character: There is no u in font nullfont!
Missing character: There is no t in font nullfont!
Missing character: There is no n in font nullfont!
)
! Emergency stop.
<*> ./Portada.tex
                 
*** (job aborted, no legal \end found)

 
Here is how much of TeX's memory you used:
 15 strings out of 493323
 193 string characters out of 3139065
 53648 words of memory out of 3000000
 3652 multiletter control sequences out of 15000+200000
 4537 words of font info for 17 fonts, out of 3000000 for 9000
 1141 hyphenation exceptions out of 8191
 14i,1n,9p,103b,123s stack positions out of 5000i,500n,10000p,200000b,50000s
!  ==> Fatal error occurred, no output PDF file produced!
